<bindings xmlns="http://java.sun.com/xml/ns/jaxb" version="2.1">
    <bindings schemaLocation="../xsd/JUnit.xsd">
        <schemaBindings>
            <package name="org.junit.report"/>
        </schemaBindings>
    </bindings>
</bindings>
